2017-05-11T19:23:00,332 [main] INFO  (StartupInfoLogger.java:48) - Starting Log4j2Application on LAPTOP-BBILCUDF with PID 9612 (C:\Users\yenna\Documents\GitHub\spring-boot-log4j2-sample\target\classes started by yenna in C:\Users\yenna\Documents\GitHub\spring-boot-log4j2-sample)
2017-05-11T19:23:00,340 [main] INFO  (SpringApplication.java:637) - No active profile set, falling back to default profiles: default
2017-05-11T19:23:00,427 [main] INFO  (AbstractApplicationContext.java:582) - Refreshing org.springframework.boot.context.embedded.AnnotationConfigEmbeddedWebApplicationContext@359e60c0: startup date [Thu May 11 19:23:00 EDT 2017]; root of context hierarchy
2017-05-11T19:23:01,508 [background-preinit] INFO  (Version.java:30) - HV000001: Hibernate Validator 5.3.5.Final
2017-05-11T19:23:02,930 [main] INFO  (TomcatEmbeddedServletContainer.java:89) - Tomcat initialized with port(s): 8080 (http)
2017-05-11T19:23:02,955 [main] INFO  (DirectJDKLog.java:179) - Starting service Tomcat
2017-05-11T19:23:02,957 [main] INFO  (DirectJDKLog.java:179) - Starting Servlet Engine: Apache Tomcat/8.5.14
2017-05-11T19:23:03,264 [localhost-startStop-1] INFO  (DirectJDKLog.java:179) - Initializing Spring embedded WebApplicationContext
2017-05-11T19:23:03,265 [localhost-startStop-1] INFO  (EmbeddedWebApplicationContext.java:276) - Root WebApplicationContext: initialization completed in 2844 ms
2017-05-11T19:23:03,736 [localhost-startStop-1] INFO  (ServletRegistrationBean.java:190) - Mapping servlet: 'dispatcherServlet' to [/]
2017-05-11T19:23:03,743 [localhost-startStop-1] INFO  (AbstractFilterRegistrationBean.java:258) - Mapping filter: 'characterEncodingFilter' to: [/*]
2017-05-11T19:23:03,744 [localhost-startStop-1] INFO  (AbstractFilterRegistrationBean.java:258) - Mapping filter: 'hiddenHttpMethodFilter' to: [/*]
2017-05-11T19:23:03,744 [localhost-startStop-1] INFO  (AbstractFilterRegistrationBean.java:258) - Mapping filter: 'httpPutFormContentFilter' to: [/*]
2017-05-11T19:23:03,746 [localhost-startStop-1] INFO  (AbstractFilterRegistrationBean.java:258) - Mapping filter: 'requestContextFilter' to: [/*]
2017-05-11T19:23:04,449 [main] INFO  (RequestMappingHandlerAdapter.java:534) - Looking for @ControllerAdvice: org.springframework.boot.context.embedded.AnnotationConfigEmbeddedWebApplicationContext@359e60c0: startup date [Thu May 11 19:23:00 EDT 2017]; root of context hierarchy
2017-05-11T19:23:04,642 [main] INFO  (AbstractHandlerMethodMapping.java:543) - Mapped "{[/],methods=[GET]}" onto public void com.cogeco.epon.Log4j2Controller.test()
2017-05-11T19:23:04,647 [main] INFO  (AbstractHandlerMethodMapping.java:543) - Mapped "{[/error]}" onto public org.springframework.http.ResponseEntity<java.util.Map<java.lang.String, java.lang.Object>> org.springframework.boot.autoconfigure.web.BasicErrorController.error(javax.servlet.http.HttpServletRequest)
2017-05-11T19:23:04,650 [main] INFO  (AbstractHandlerMethodMapping.java:543) - Mapped "{[/error],produces=[text/html]}" onto public org.springframework.web.servlet.ModelAndView org.springframework.boot.autoconfigure.web.BasicErrorController.errorHtml(javax.servlet.http.HttpServletRequest,javax.servlet.http.HttpServletResponse)
2017-05-11T19:23:04,903 [main] INFO  (AbstractUrlHandlerMapping.java:362) - Mapped URL path [/webjars/**] onto handler of type [class org.springframework.web.servlet.resource.ResourceHttpRequestHandler]
2017-05-11T19:23:04,905 [main] INFO  (AbstractUrlHandlerMapping.java:362) - Mapped URL path [/**] onto handler of type [class org.springframework.web.servlet.resource.ResourceHttpRequestHandler]
2017-05-11T19:23:04,969 [main] INFO  (AbstractUrlHandlerMapping.java:362) - Mapped URL path [/**/favicon.ico] onto handler of type [class org.springframework.web.servlet.resource.ResourceHttpRequestHandler]
2017-05-11T19:23:05,331 [main] INFO  (MBeanExporter.java:431) - Registering beans for JMX exposure on startup
2017-05-11T19:23:05,448 [main] INFO  (DirectJDKLog.java:179) - Initializing ProtocolHandler ["http-nio-8080"]
2017-05-11T19:23:05,490 [main] INFO  (DirectJDKLog.java:179) - Starting ProtocolHandler ["http-nio-8080"]
2017-05-11T19:23:05,594 [main] INFO  (DirectJDKLog.java:179) - Using a shared selector for servlet write/read
2017-05-11T19:23:05,641 [main] INFO  (TomcatEmbeddedServletContainer.java:198) - Tomcat started on port(s): 8080 (http)
2017-05-11T19:23:05,709 [main] INFO  (StartupInfoLogger.java:57) - Started Log4j2Application in 5.89 seconds (JVM running for 19.925)
2017-05-11T19:23:11,116 [http-nio-8080-exec-10] INFO  (DirectJDKLog.java:179) - Initializing Spring FrameworkServlet 'dispatcherServlet'
2017-05-11T19:23:11,116 [http-nio-8080-exec-10] INFO  (FrameworkServlet.java:489) - FrameworkServlet 'dispatcherServlet': initialization started
2017-05-11T19:23:11,143 [http-nio-8080-exec-10] INFO  (FrameworkServlet.java:508) - FrameworkServlet 'dispatcherServlet': initialization completed in 26 ms
2017-05-11T19:23:11,190 [http-nio-8080-exec-10] ERROR (Log4j2Controller.java:16) - This is a test
2017-05-11T19:24:04,404 [main] INFO  (StartupInfoLogger.java:48) - Starting Log4j2Application on LAPTOP-BBILCUDF with PID 4192 (C:\Users\yenna\Documents\GitHub\spring-boot-log4j2-sample\target\classes started by yenna in C:\Users\yenna\Documents\GitHub\spring-boot-log4j2-sample)
2017-05-11T19:24:04,412 [main] INFO  (SpringApplication.java:637) - No active profile set, falling back to default profiles: default
2017-05-11T19:24:04,483 [main] INFO  (AbstractApplicationContext.java:582) - Refreshing org.springframework.boot.context.embedded.AnnotationConfigEmbeddedWebApplicationContext@50ede14: startup date [Thu May 11 19:24:04 EDT 2017]; root of context hierarchy
2017-05-11T19:24:05,171 [background-preinit] INFO  (Version.java:30) - HV000001: Hibernate Validator 5.3.5.Final
2017-05-11T19:24:06,506 [main] INFO  (TomcatEmbeddedServletContainer.java:89) - Tomcat initialized with port(s): 8080 (http)
2017-05-11T19:24:06,524 [main] INFO  (DirectJDKLog.java:179) - Starting service Tomcat
2017-05-11T19:24:06,526 [main] INFO  (DirectJDKLog.java:179) - Starting Servlet Engine: Apache Tomcat/8.5.14
2017-05-11T19:24:06,673 [localhost-startStop-1] INFO  (DirectJDKLog.java:179) - Initializing Spring embedded WebApplicationContext
2017-05-11T19:24:06,674 [localhost-startStop-1] INFO  (EmbeddedWebApplicationContext.java:276) - Root WebApplicationContext: initialization completed in 2196 ms
2017-05-11T19:24:06,945 [localhost-startStop-1] INFO  (ServletRegistrationBean.java:190) - Mapping servlet: 'dispatcherServlet' to [/]
2017-05-11T19:24:06,953 [localhost-startStop-1] INFO  (AbstractFilterRegistrationBean.java:258) - Mapping filter: 'characterEncodingFilter' to: [/*]
2017-05-11T19:24:06,955 [localhost-startStop-1] INFO  (AbstractFilterRegistrationBean.java:258) - Mapping filter: 'hiddenHttpMethodFilter' to: [/*]
2017-05-11T19:24:06,956 [localhost-startStop-1] INFO  (AbstractFilterRegistrationBean.java:258) - Mapping filter: 'httpPutFormContentFilter' to: [/*]
2017-05-11T19:24:06,956 [localhost-startStop-1] INFO  (AbstractFilterRegistrationBean.java:258) - Mapping filter: 'requestContextFilter' to: [/*]
2017-05-11T19:24:07,401 [main] INFO  (RequestMappingHandlerAdapter.java:534) - Looking for @ControllerAdvice: org.springframework.boot.context.embedded.AnnotationConfigEmbeddedWebApplicationContext@50ede14: startup date [Thu May 11 19:24:04 EDT 2017]; root of context hierarchy
2017-05-11T19:24:07,539 [main] INFO  (AbstractHandlerMethodMapping.java:543) - Mapped "{[]}" onto public void com.cogeco.epon.Log4j2Controller.test()
2017-05-11T19:24:07,546 [main] INFO  (AbstractHandlerMethodMapping.java:543) - Mapped "{[/error]}" onto public org.springframework.http.ResponseEntity<java.util.Map<java.lang.String, java.lang.Object>> org.springframework.boot.autoconfigure.web.BasicErrorController.error(javax.servlet.http.HttpServletRequest)
2017-05-11T19:24:07,549 [main] INFO  (AbstractHandlerMethodMapping.java:543) - Mapped "{[/error],produces=[text/html]}" onto public org.springframework.web.servlet.ModelAndView org.springframework.boot.autoconfigure.web.BasicErrorController.errorHtml(javax.servlet.http.HttpServletRequest,javax.servlet.http.HttpServletResponse)
2017-05-11T19:24:07,637 [main] INFO  (AbstractUrlHandlerMapping.java:362) - Mapped URL path [/webjars/**] onto handler of type [class org.springframework.web.servlet.resource.ResourceHttpRequestHandler]
2017-05-11T19:24:07,640 [main] INFO  (AbstractUrlHandlerMapping.java:362) - Mapped URL path [/**] onto handler of type [class org.springframework.web.servlet.resource.ResourceHttpRequestHandler]
2017-05-11T19:24:07,710 [main] INFO  (AbstractUrlHandlerMapping.java:362) - Mapped URL path [/**/favicon.ico] onto handler of type [class org.springframework.web.servlet.resource.ResourceHttpRequestHandler]
2017-05-11T19:24:07,938 [main] INFO  (MBeanExporter.java:431) - Registering beans for JMX exposure on startup
2017-05-11T19:24:07,969 [main] INFO  (DirectJDKLog.java:179) - Initializing ProtocolHandler ["http-nio-8080"]
2017-05-11T19:24:07,994 [main] INFO  (DirectJDKLog.java:179) - Starting ProtocolHandler ["http-nio-8080"]
2017-05-11T19:24:08,026 [main] INFO  (DirectJDKLog.java:179) - Using a shared selector for servlet write/read
2017-05-11T19:24:08,059 [main] INFO  (TomcatEmbeddedServletContainer.java:198) - Tomcat started on port(s): 8080 (http)
2017-05-11T19:24:08,067 [main] INFO  (StartupInfoLogger.java:57) - Started Log4j2Application in 4.067 seconds (JVM running for 9.681)
2017-05-11T19:24:26,093 [http-nio-8080-exec-10] INFO  (DirectJDKLog.java:179) - Initializing Spring FrameworkServlet 'dispatcherServlet'
2017-05-11T19:24:26,093 [http-nio-8080-exec-10] INFO  (FrameworkServlet.java:489) - FrameworkServlet 'dispatcherServlet': initialization started
2017-05-11T19:24:26,116 [http-nio-8080-exec-10] INFO  (FrameworkServlet.java:508) - FrameworkServlet 'dispatcherServlet': initialization completed in 23 ms
2017-05-11T19:24:26,164 [http-nio-8080-exec-10] ERROR (Log4j2Controller.java:15) - This is a test
